<?xml version="1.0" encoding="UTF-8"?>
<!-- Generated by org.testng.reporters.JUnitReportReporter -->
<testsuite hostname="LTIN513327" failures="0" tests="8" name="emiCalculator.TestCase" time="32.357" errors="0" timestamp="2024-10-21T17:55:59 IST" skipped="0">
  <testcase classname="emiCalculator.TestCase" name="testCarLoanCalculation" time="10.251"/>
  <testcase classname="emiCalculator.TestCase" name="testCarLoanCalculation" time="10.656"/>
  <testcase classname="emiCalculator.TestCase" name="navigateToCarLoanSection" time="0.207"/>
  <testcase classname="emiCalculator.TestCase" name="navigateToCarLoanSection" time="0.228"/>
  <testcase classname="emiCalculator.TestCase" name="enterLoanDetails" time="1.805"/>
  <testcase classname="emiCalculator.TestCase" name="enterLoanDetails" time="1.764"/>
  <testcase classname="emiCalculator.TestCase" name="scrollAndClickYears" time="3.829"/>
  <testcase classname="emiCalculator.TestCase" name="scrollAndClickYears" time="3.617"/>
</testsuite> <!-- emiCalculator.TestCase -->
