<?xml version="1.0" encoding="UTF-8"?>
<!-- Generated by org.testng.reporters.JUnitReportReporter -->
<testsuite hostname="LTIN373546" failures="0" tests="3" name="allLoanCalculators.LoanCalculator" time="75.946" errors="0" timestamp="2024-11-12T10:06:06 IST" skipped="0">
  <testcase classname="allLoanCalculators.LoanCalculator" name="testCarLoanCalculation" time="49.001"/>
  <testcase classname="allLoanCalculators.LoanCalculator" name="testHomeLoanEmiCalculator" time="9.791"/>
  <testcase classname="allLoanCalculators.LoanCalculator" name="testEmiCalculator" time="17.154"/>
</testsuite> <!-- allLoanCalculators.LoanCalculator -->
