<?xml version="1.0" encoding="UTF-8"?>
<!-- Generated by org.testng.reporters.JUnitReportReporter -->
<testsuite hostname="LTIN373546" failures="0" tests="6" name="runner.RunCucumberTest" time="67.362" errors="0" timestamp="2024-11-14T09:25:53 IST" skipped="0">
  <testcase classname="runner.RunCucumberTest" name="runScenario" time="2.760"/>
  <testcase classname="runner.RunCucumberTest" name="runScenario" time="21.259"/>
  <testcase classname="runner.RunCucumberTest" name="runScenario" time="3.181"/>
  <testcase classname="runner.RunCucumberTest" name="runScenario" time="13.379"/>
  <testcase classname="runner.RunCucumberTest" name="runScenario" time="14.694"/>
  <testcase classname="runner.RunCucumberTest" name="runScenario" time="12.089"/>
</testsuite> <!-- runner.RunCucumberTest -->
