<?xml version="1.0" encoding="UTF-8"?>
<!-- Generated by org.testng.reporters.JUnitReportReporter -->
<testsuite hostname="LTIN513327" failures="0" tests="1" name="testingMethods.Methodstest001" time="0.028" errors="0" timestamp="2024-10-10T21:30:59 IST" skipped="0">
  <testcase classname="testingMethods.Methodstest001" name="ok" time="0.028"/>
</testsuite> <!-- testingMethods.Methodstest001 -->
