<?xml version="1.0" encoding="UTF-8"?>
<!-- Generated by org.testng.reporters.JUnitReportReporter -->
<testsuite hostname="LTIN513327" failures="0" tests="2" name="allLoanCalculators.carLoanCalculator" time="32.032" errors="0" timestamp="2024-10-24T13:55:24 IST" skipped="0">
  <testcase classname="allLoanCalculators.carLoanCalculator" name="testCarLoanCalculation" time="17.391"/>
  <testcase classname="allLoanCalculators.carLoanCalculator" name="testCarLoanCalculation" time="14.641"/>
</testsuite> <!-- allLoanCalculators.carLoanCalculator -->
