<?xml version="1.0" encoding="UTF-8"?>
<!-- Generated by org.testng.reporters.JUnitReportReporter -->
<testsuite hostname="LTIN513327" failures="0" tests="6" name="runner.TestRunner" time="83.531" errors="0" timestamp="2024-11-01T21:06:55 IST" skipped="0">
  <testcase classname="runner.TestRunner" name="runScenario" time="26.842"/>
  <testcase classname="runner.TestRunner" name="runScenario" time="5.455"/>
  <testcase classname="runner.TestRunner" name="runScenario" time="7.694"/>
  <testcase classname="runner.TestRunner" name="runScenario" time="20.283"/>
  <testcase classname="runner.TestRunner" name="runScenario" time="11.054"/>
  <testcase classname="runner.TestRunner" name="runScenario" time="12.203"/>
</testsuite> <!-- runner.TestRunner -->
