<?xml version="1.0" encoding="UTF-8"?>
<!-- Generated by org.testng.reporters.JUnitReportReporter -->
<testsuite hostname="LTIN513327" failures="0" tests="8" name="emiCalculator.TestCase" time="30.494" errors="0" timestamp="2024-10-17T17:14:48 IST" skipped="0">
  <testcase classname="emiCalculator.TestCase" name="testCarLoanCalculation" time="8.163"/>
  <testcase classname="emiCalculator.TestCase" name="testCarLoanCalculation" time="10.512"/>
  <testcase classname="emiCalculator.TestCase" name="navigateToCarLoanSection" time="0.247"/>
  <testcase classname="emiCalculator.TestCase" name="navigateToCarLoanSection" time="0.331"/>
  <testcase classname="emiCalculator.TestCase" name="enterLoanDetails" time="3.488"/>
  <testcase classname="emiCalculator.TestCase" name="enterLoanDetails" time="2.127"/>
  <testcase classname="emiCalculator.TestCase" name="scrollAndClickYears" time="2.711"/>
  <testcase classname="emiCalculator.TestCase" name="scrollAndClickYears" time="2.915"/>
</testsuite> <!-- emiCalculator.TestCase -->
