<?xml version="1.0" encoding="UTF-8"?>
<!-- Generated by org.testng.reporters.JUnitReportReporter -->
<testsuite hostname="LTIN513327" failures="0" tests="6" name="runner.RunCucumberTest" time="267.839" errors="0" timestamp="2024-11-06T01:52:02 IST" skipped="0">
  <testcase classname="runner.RunCucumberTest" name="runScenario" time="18.439"/>
  <testcase classname="runner.RunCucumberTest" name="runScenario" time="165.915"/>
  <testcase classname="runner.RunCucumberTest" name="runScenario" time="3.321"/>
  <testcase classname="runner.RunCucumberTest" name="runScenario" time="3.495"/>
  <testcase classname="runner.RunCucumberTest" name="runScenario" time="56.928"/>
  <testcase classname="runner.RunCucumberTest" name="runScenario" time="19.741"/>
</testsuite> <!-- runner.RunCucumberTest -->
